# JRE version: Java(TM) SE Runtime Environment (8.0_77-b03) (build 1.8.0_77-b03)
# Java VM: Java HotSpot(TM) 64-Bit Server VM (25.77-b03 mixed mode windows-amd64 compressed oops)
Heap:
 PSYoungGen      total 122368K, used 71435K [0x00000000eab00000, 0x00000000f5280000, 0x0000000100000000)
  eden space 108032K, 57% used [0x00000000eab00000,0x00000000ee7d36a0,0x00000000f1480000)
  from space 14336K, 63% used [0x00000000f1480000,0x00000000f1d6f958,0x00000000f2280000)
  to   space 13824K, 0% used [0x00000000f4500000,0x00000000f4500000,0x00000000f5280000)
 ParOldGen       total 104960K, used 19953K [0x00000000c0000000, 0x00000000c6680000, 0x00000000eab00000)
  object space 104960K, 19% used [0x00000000c0000000,0x00000000c137c578,0x00000000c6680000)
 Metaspace       used 43293K, capacity 44346K, committed 44672K, reserved 1089536K
  class space    used 5968K, capacity 6221K, committed 6272K, reserved 1048576K
GC Heap History (10 events):
Event: 17.942 GC heap before
{Heap before GC invocations=7 (full 1):
 PSYoungGen      total 71680K, used 71654K [0x00000000eab00000, 0x00000000f1380000, 0x0000000100000000)
  eden space 66560K, 100% used [0x00000000eab00000,0x00000000eec00000,0x00000000eec00000)
  from space 5120K, 99% used [0x00000000eec00000,0x00000000ef0f9ac8,0x00000000ef100000)
  to   space 10752K, 0% used [0x00000000f0900000,0x00000000f0900000,0x00000000f1380000)
 ParOldGen       total 70656K, used 11441K [0x00000000c0000000, 0x00000000c4500000, 0x00000000eab00000)
  object space 70656K, 16% used [0x00000000c0000000,0x00000000c0b2c698,0x00000000c4500000)
 Metaspace       used 29734K, capacity 30420K, committed 30592K, reserved 1075200K
  class space    used 4030K, capacity 4215K, committed 4224K, reserved 1048576K
Event: 18.007 GC heap after
Heap after GC invocations=7 (full 1):
 PSYoungGen      total 96768K, used 7342K [0x00000000eab00000, 0x00000000f1400000, 0x0000000100000000)
  eden space 86016K, 0% used [0x00000000eab00000,0x00000000eab00000,0x00000000eff00000)
  from space 10752K, 68% used [0x00000000f0900000,0x00000000f102bb90,0x00000000f1380000)
  to   space 10240K, 0% used [0x00000000eff00000,0x00000000eff00000,0x00000000f0900000)
 ParOldGen       total 70656K, used 11449K [0x00000000c0000000, 0x00000000c4500000, 0x00000000eab00000)
  object space 70656K, 16% used [0x00000000c0000000,0x00000000c0b2e698,0x00000000c4500000)
 Metaspace       used 29734K, capacity 30420K, committed 30592K, reserved 1075200K
  class space    used 4030K, capacity 4215K, committed 4224K, reserved 1048576K
}
Event: 22.254 GC heap before
{Heap before GC invocations=8 (full 1):
 PSYoungGen      total 96768K, used 93358K [0x00000000eab00000, 0x00000000f1400000, 0x0000000100000000)
  eden space 86016K, 100% used [0x00000000eab00000,0x00000000eff00000,0x00000000eff00000)
  from space 10752K, 68% used [0x00000000f0900000,0x00000000f102bb90,0x00000000f1380000)
  to   space 10240K, 0% used [0x00000000eff00000,0x00000000eff00000,0x00000000f0900000)
 ParOldGen       total 70656K, used 11449K [0x00000000c0000000, 0x00000000c4500000, 0x00000000eab00000)
  object space 70656K, 16% used [0x00000000c0000000,0x00000000c0b2e698,0x00000000c4500000)
 Metaspace       used 34084K, capacity 34810K, committed 35072K, reserved 1079296K
  class space    used 4599K, capacity 4773K, committed 4864K, reserved 1048576K
Event: 22.272 GC heap after
Heap after GC invocations=8 (full 1):
 PSYoungGen      total 96256K, used 10239K [0x00000000eab00000, 0x00000000f2f00000, 0x0000000100000000)
  eden space 86016K, 0% used [0x00000000eab00000,0x00000000eab00000,0x00000000eff00000)
  from space 10240K, 99% used [0x00000000eff00000,0x00000000f08ffe28,0x00000000f0900000)
  to   space 12800K, 0% used [0x00000000f2280000,0x00000000f2280000,0x00000000f2f00000)
 ParOldGen       total 70656K, used 14612K [0x00000000c0000000, 0x00000000c4500000, 0x00000000eab00000)
  object space 70656K, 20% used [0x00000000c0000000,0x00000000c0e45188,0x00000000c4500000)
 Metaspace       used 34084K, capacity 34810K, committed 35072K, reserved 1079296K
  class space    used 4599K, capacity 4773K, committed 4864K, reserved 1048576K
}
Event: 22.863 GC heap before
{Heap before GC invocations=9 (full 1):
 PSYoungGen      total 96256K, used 27989K [0x00000000eab00000, 0x00000000f2f00000, 0x0000000100000000)
  eden space 86016K, 20% used [0x00000000eab00000,0x00000000ebc55678,0x00000000eff00000)
  from space 10240K, 99% used [0x00000000eff00000,0x00000000f08ffe28,0x00000000f0900000)
  to   space 12800K, 0% used [0x00000000f2280000,0x00000000f2280000,0x00000000f2f00000)
 ParOldGen       total 70656K, used 14612K [0x00000000c0000000, 0x00000000c4500000, 0x00000000eab00000)
  object space 70656K, 20% used [0x00000000c0000000,0x00000000c0e45188,0x00000000c4500000)
 Metaspace       used 34508K, capacity 35266K, committed 35496K, reserved 1079296K
  class space    used 4670K, capacity 4841K, committed 4864K, reserved 1048576K
Event: 22.930 GC heap after
Heap after GC invocations=9 (full 1):
 PSYoungGen      total 120832K, used 12219K [0x00000000eab00000, 0x00000000f4c00000, 0x0000000100000000)
  eden space 108032K, 0% used [0x00000000eab00000,0x00000000eab00000,0x00000000f1480000)
  from space 12800K, 95% used [0x00000000f2280000,0x00000000f2e6ed80,0x00000000f2f00000)
  to   space 14336K, 0% used [0x00000000f1480000,0x00000000f1480000,0x00000000f2280000)
 ParOldGen       total 70656K, used 14612K [0x00000000c0000000, 0x00000000c4500000, 0x00000000eab00000)
  object space 70656K, 20% used [0x00000000c0000000,0x00000000c0e45188,0x00000000c4500000)
 Metaspace       used 34508K, capacity 35266K, committed 35496K, reserved 1079296K
  class space    used 4670K, capacity 4841K, committed 4864K, reserved 1048576K
}
Event: 22.930 GC heap before
{Heap before GC invocations=10 (full 2):
 PSYoungGen      total 120832K, used 12219K [0x00000000eab00000, 0x00000000f4c00000, 0x0000000100000000)
  eden space 108032K, 0% used [0x00000000eab00000,0x00000000eab00000,0x00000000f1480000)
  from space 12800K, 95% used [0x00000000f2280000,0x00000000f2e6ed80,0x00000000f2f00000)
  to   space 14336K, 0% used [0x00000000f1480000,0x00000000f1480000,0x00000000f2280000)
 ParOldGen       total 70656K, used 14612K [0x00000000c0000000, 0x00000000c4500000, 0x00000000eab00000)
  object space 70656K, 20% used [0x00000000c0000000,0x00000000c0e45188,0x00000000c4500000)
 Metaspace       used 34508K, capacity 35266K, committed 35496K, reserved 1079296K
  class space    used 4670K, capacity 4841K, committed 4864K, reserved 1048576K
Event: 23.270 GC heap after
Heap after GC invocations=10 (full 2):
 PSYoungGen      total 120832K, used 0K [0x00000000eab00000, 0x00000000f4c00000, 0x0000000100000000)
  eden space 108032K, 0% used [0x00000000eab00000,0x00000000eab00000,0x00000000f1480000)
  from space 12800K, 0% used [0x00000000f2280000,0x00000000f2280000,0x00000000f2f00000)
  to   space 14336K, 0% used [0x00000000f1480000,0x00000000f1480000,0x00000000f2280000)
 ParOldGen       total 104960K, used 19945K [0x00000000c0000000, 0x00000000c6680000, 0x00000000eab00000)
  object space 104960K, 19% used [0x00000000c0000000,0x00000000c137a578,0x00000000c6680000)
 Metaspace       used 34508K, capacity 35266K, committed 35496K, reserved 1079296K
  class space    used 4670K, capacity 4841K, committed 4864K, reserved 1048576K
}
Event: 28.701 GC heap before
{Heap before GC invocations=11 (full 2):
 PSYoungGen      total 120832K, used 108032K [0x00000000eab00000, 0x00000000f4c00000, 0x0000000100000000)
  eden space 108032K, 100% used [0x00000000eab00000,0x00000000f1480000,0x00000000f1480000)
  from space 12800K, 0% used [0x00000000f2280000,0x00000000f2280000,0x00000000f2f00000)
  to   space 14336K, 0% used [0x00000000f1480000,0x00000000f1480000,0x00000000f2280000)
 ParOldGen       total 104960K, used 19945K [0x00000000c0000000, 0x00000000c6680000, 0x00000000eab00000)
  object space 104960K, 19% used [0x00000000c0000000,0x00000000c137a578,0x00000000c6680000)
 Metaspace       used 39916K, capacity 40730K, committed 41088K, reserved 1085440K
  class space    used 5432K, capacity 5648K, committed 5760K, reserved 1048576K
Event: 28.759 GC heap after
Heap after GC invocations=11 (full 2):
 PSYoungGen      total 122368K, used 9150K [0x00000000eab00000, 0x00000000f5280000, 0x0000000100000000)
  eden space 108032K, 0% used [0x00000000eab00000,0x00000000eab00000,0x00000000f1480000)
  from space 14336K, 63% used [0x00000000f1480000,0x00000000f1d6f958,0x00000000f2280000)
  to   space 13824K, 0% used [0x00000000f4500000,0x00000000f4500000,0x00000000f5280000)
 ParOldGen       total 104960K, used 19953K [0x00000000c0000000, 0x00000000c6680000, 0x00000000eab00000)
  object space 104960K, 19% used [0x00000000c0000000,0x00000000c137c578,0x00000000c6680000)
 Metaspace       used 39916K, capacity 40730K, committed 41088K, reserved 1085440K
  class space    used 5432K, capacity 5648K, committed 5760K, reserved 1048576K
}

